{
  "RSpec": {
    "coverage": {
      "/Users/luhtalam/Koulu/WePaRuby/ratebeer/app/models/rating.rb": [
        1,
        1,
        1,
        null,
        1,
        null,
        1,
        25,
        null,
        null,
        null
      ],
      "/Users/luhtalam/Koulu/WePaRuby/ratebeer/app/helpers/application_helper.rb": [
        1,
        null
      ],
      "/Users/luhtalam/Koulu/WePaRuby/ratebeer/app/helpers/beers_helper.rb": [
        1,
        null
      ],
      "/Users/luhtalam/Koulu/WePaRuby/ratebeer/app/helpers/breweries_helper.rb": [
        1,
        null
      ],
      "/Users/luhtalam/Koulu/WePaRuby/ratebeer/app/helpers/users_helper.rb": [
        1,
        null
      ],
      "/Users/luhtalam/Koulu/WePaRuby/ratebeer/app/models/beer.rb": [
        1,
        1,
        null,
        1,
        1,
        1,
        null,
        1,
        1,
        null,
        1,
        7,
        null,
        null
      ],
      "/Users/luhtalam/Koulu/WePaRuby/ratebeer/app/models/concerns/rating_average.rb": [
        1,
        1,
        null,
        1,
        7,
        7,
        null,
        null,
        null
      ],
      "/Users/luhtalam/Koulu/WePaRuby/ratebeer/app/models/brewery.rb": [
        1,
        1,
        null,
        1,
        1,
        null,
        1,
        1,
        1,
        null,
        null,
        1,
        44,
        0,
        null,
        null,
        null,
        null,
        1,
        5,
        null,
        null,
        null,
        null
      ],
      "/Users/luhtalam/Koulu/WePaRuby/ratebeer/app/models/user.rb": [
        1,
        1,
        null,
        1,
        null,
        1,
        null,
        1,
        1,
        null,
        1,
        null,
        1,
        15,
        7,
        null,
        null,
        1,
        15,
        6,
        null,
        null,
        1,
        13,
        6,
        null,
        null,
        null
      ],
      "/Users/luhtalam/Koulu/WePaRuby/ratebeer/app/controllers/beers_controller.rb": [
        1,
        1,
        1,
        null,
        null,
        null,
        1,
        1,
        null,
        null,
        null,
        null,
        1,
        null,
        null,
        null,
        1,
        2,
        null,
        null,
        null,
        1,
        null,
        null,
        null,
        null,
        null,
        1,
        2,
        null,
        2,
        2,
        2,
        1,
        null,
        1,
        2,
        1,
        null,
        null,
        null,
        null,
        null,
        null,
        1,
        0,
        0,
        0,
        0,
        null,
        0,
        0,
        null,
        null,
        null,
        null,
        null,
        null,
        1,
        0,
        0,
        0,
        0,
        null,
        null,
        null,
        1,
        null,
        1,
        0,
        null,
        null,
        1,
        3,
        3,
        null,
        null,
        null,
        1,
        2,
        null,
        null
      ],
      "/Users/luhtalam/Koulu/WePaRuby/ratebeer/app/controllers/application_controller.rb": [
        1,
        null,
        null,
        1,
        null,
        1,
        null,
        1,
        93,
        75,
        null,
        null,
        null
      ],
      "/Users/luhtalam/Koulu/WePaRuby/ratebeer/app/controllers/breweries_controller.rb": [
        1,
        1,
        1,
        null,
        null,
        null,
        1,
        3,
        null,
        null,
        null,
        null,
        1,
        null,
        null,
        null,
        1,
        0,
        null,
        null,
        null,
        1,
        null,
        null,
        null,
        null,
        1,
        0,
        null,
        0,
        0,
        0,
        0,
        null,
        0,
        0,
        null,
        null,
        null,
        null,
        null,
        null,
        1,
        0,
        0,
        0,
        0,
        null,
        0,
        0,
        null,
        null,
        null,
        null,
        null,
        null,
        1,
        0,
        0,
        0,
        0,
        null,
        null,
        null,
        1,
        null,
        1,
        0,
        null,
        0,
        0,
        null,
        null,
        null,
        null,
        1,
        1,
        null,
        null,
        null,
        1,
        0,
        null,
        null
      ],
      "/Users/luhtalam/Koulu/WePaRuby/ratebeer/app/controllers/sessions_controller.rb": [
        1,
        1,
        null,
        null,
        null,
        1,
        7,
        7,
        6,
        6,
        null,
        1,
        null,
        null,
        null,
        1,
        0,
        0,
        null,
        null
      ],
      "/Users/luhtalam/Koulu/WePaRuby/ratebeer/app/controllers/users_controller.rb": [
        1,
        1,
        null,
        null,
        null,
        1,
        0,
        null,
        null,
        null,
        null,
        1,
        null,
        null,
        null,
        1,
        1,
        null,
        null,
        null,
        1,
        null,
        null,
        null,
        null,
        1,
        1,
        null,
        1,
        1,
        2,
        1,
        null,
        0,
        0,
        null,
        null,
        null,
        null,
        null,
        null,
        1,
        0,
        0,
        0,
        0,
        null,
        0,
        0,
        null,
        null,
        null,
        null,
        null,
        null,
        1,
        0,
        0,
        0,
        null,
        0,
        0,
        0,
        null,
        null,
        null,
        1,
        null,
        1,
        12,
        null,
        null,
        null,
        1,
        1,
        null,
        null
      ],
      "/Users/luhtalam/Koulu/WePaRuby/ratebeer/app/controllers/ratings_controller.rb": [
        1,
        1,
        1,
        null,
        null,
        1,
        1,
        1,
        null,
        null,
        1,
        1,
        null,
        1,
        0,
        1,
        1,
        1,
        null,
        0,
        0,
        null,
        null,
        null,
        1,
        1,
        1,
        1,
        null,
        null,
        null
      ]
    },
    "timestamp": 1486923433
  }
}
